
  .   ____          _            __ _ _
 /\\ / ___'_ __ _ _(_)_ __  __ _ \ \ \ \
( ( )\___ | '_ | '_| | '_ \/ _` | \ \ \ \
 \\/  ___)| |_)| | | | | || (_| |  ) ) ) )
  '  |____| .__|_| |_|_| |_\__, | / / / /
 =========|_|==============|___/=/_/_/_/
 :: Spring Boot ::                (v3.2.0)

2026-05-18T22:53:29.385+01:00  INFO 32188 --- [eureka-server] [           main] m.s.eureka.EurekaServerApplication       : Starting EurekaServerApplication v1.0.0 using Java 21.0.8 with PID 32188 (C:\Users\Admin\IdeaProjects\solostock-b2b\eureka-server\target\eureka-server-1.0.0.jar started by Admin in C:\Users\Admin\IdeaProjects\solostock-b2b)
2026-05-18T22:53:29.387+01:00  INFO 32188 --- [eureka-server] [           main] m.s.eureka.EurekaServerApplication       : No active profile set, falling back to 1 default profile: "default"
2026-05-18T22:53:30.484+01:00  INFO 32188 --- [eureka-server] [           main] o.s.cloud.context.scope.GenericScope     : BeanFactory id=518f9ce7-d331-3309-9e3c-993627a4303d
2026-05-18T22:53:30.525+01:00  WARN 32188 --- [eureka-server] [           main] trationDelegate$BeanPostProcessorChecker : Bean 'org.springframework.cloud.client.loadbalancer.LoadBalancerAutoConfiguration$LoadBalancerInterceptorConfig' of type [org.springframework.cloud.client.loadbalancer.LoadBalancerAutoConfiguration$LoadBalancerInterceptorConfig] is not eligible for getting processed by all BeanPostProcessors (for example: not eligible for auto-proxying). The currently created BeanPostProcessor [lbRestClientPostProcessor] is declared through a non-static factory method on that class; consider declaring it as static instead.
2026-05-18T22:53:30.527+01:00  WARN 32188 --- [eureka-server] [           main] trationDelegate$BeanPostProcessorChecker : Bean 'org.springframework.cloud.loadbalancer.config.BlockingLoadBalancerClientAutoConfiguration' of type [org.springframework.cloud.loadbalancer.config.BlockingLoadBalancerClientAutoConfiguration] is not eligible for getting processed by all BeanPostProcessors (for example: not eligible for auto-proxying). Is this bean getting eagerly injected into a currently created BeanPostProcessor [lbRestClientPostProcessor]? Check the corresponding BeanPostProcessor declaration and its dependencies.
2026-05-18T22:53:30.528+01:00  WARN 32188 --- [eureka-server] [           main] trationDelegate$BeanPostProcessorChecker : Bean 'org.springframework.cloud.loadbalancer.config.LoadBalancerAutoConfiguration' of type [org.springframework.cloud.loadbalancer.config.LoadBalancerAutoConfiguration] is not eligible for getting processed by all BeanPostProcessors (for example: not eligible for auto-proxying). Is this bean getting eagerly injected into a currently created BeanPostProcessor [lbRestClientPostProcessor]? Check the corresponding BeanPostProcessor declaration and its dependencies.
2026-05-18T22:53:30.535+01:00  WARN 32188 --- [eureka-server] [           main] trationDelegate$BeanPostProcessorChecker : Bean 'org.springframework.cloud.commons.config.CommonsConfigAutoConfiguration' of type [org.springframework.cloud.commons.config.CommonsConfigAutoConfiguration] is not eligible for getting processed by all BeanPostProcessors (for example: not eligible for auto-proxying). Is this bean getting eagerly injected into a currently created BeanPostProcessor [lbRestClientPostProcessor]? Check the corresponding BeanPostProcessor declaration and its dependencies.
2026-05-18T22:53:30.536+01:00  WARN 32188 --- [eureka-server] [           main] trationDelegate$BeanPostProcessorChecker : Bean 'org.springframework.cloud.client.loadbalancer.LoadBalancerDefaultMappingsProviderAutoConfiguration' of type [org.springframework.cloud.client.loadbalancer.LoadBalancerDefaultMappingsProviderAutoConfiguration] is not eligible for getting processed by all BeanPostProcessors (for example: not eligible for auto-proxying). Is this bean getting eagerly injected into a currently created BeanPostProcessor [lbRestClientPostProcessor]? Check the corresponding BeanPostProcessor declaration and its dependencies.
2026-05-18T22:53:30.537+01:00  WARN 32188 --- [eureka-server] [           main] trationDelegate$BeanPostProcessorChecker : Bean 'loadBalancerClientsDefaultsMappingsProvider' of type [org.springframework.cloud.client.loadbalancer.LoadBalancerDefaultMappingsProviderAutoConfiguration$$Lambda/0x0000021449347c38] is not eligible for getting processed by all BeanPostProcessors (for example: not eligible for auto-proxying). Is this bean getting eagerly injected into a currently created BeanPostProcessor [lbRestClientPostProcessor]? Check the corresponding BeanPostProcessor declaration and its dependencies.
2026-05-18T22:53:30.538+01:00  WARN 32188 --- [eureka-server] [           main] trationDelegate$BeanPostProcessorChecker : Bean 'defaultsBindHandlerAdvisor' of type [org.springframework.cloud.commons.config.DefaultsBindHandlerAdvisor] is not eligible for getting processed by all BeanPostProcessors (for example: not eligible for auto-proxying). Is this bean getting eagerly injected into a currently created BeanPostProcessor [lbRestClientPostProcessor]? Check the corresponding BeanPostProcessor declaration and its dependencies.
2026-05-18T22:53:30.544+01:00  WARN 32188 --- [eureka-server] [           main] trationDelegate$BeanPostProcessorChecker : Bean 'spring.cloud.loadbalancer-org.springframework.cloud.client.loadbalancer.LoadBalancerClientsProperties' of type [org.springframework.cloud.client.loadbalancer.LoadBalancerClientsProperties] is not eligible for getting processed by all BeanPostProcessors (for example: not eligible for auto-proxying). Is this bean getting eagerly injected into a currently created BeanPostProcessor [lbRestClientPostProcessor]? Check the corresponding BeanPostProcessor declaration and its dependencies.
2026-05-18T22:53:30.553+01:00  WARN 32188 --- [eureka-server] [           main] trationDelegate$BeanPostProcessorChecker : Bean 'default.org.springframework.cloud.loadbalancer.config.LoadBalancerAutoConfiguration.LoadBalancerClientSpecification' of type [org.springframework.cloud.loadbalancer.annotation.LoadBalancerClientSpecification] is not eligible for getting processed by all BeanPostProcessors (for example: not eligible for auto-proxying). Is this bean getting eagerly injected into a currently created BeanPostProcessor [lbRestClientPostProcessor]? Check the corresponding BeanPostProcessor declaration and its dependencies.
2026-05-18T22:53:30.554+01:00  WARN 32188 --- [eureka-server] [           main] trationDelegate$BeanPostProcessorChecker : Bean 'default.org.springframework.cloud.loadbalancer.config.BlockingLoadBalancerClientAutoConfiguration.LoadBalancerClientSpecification' of type [org.springframework.cloud.loadbalancer.annotation.LoadBalancerClientSpecification] is not eligible for getting processed by all BeanPostProcessors (for example: not eligible for auto-proxying). Is this bean getting eagerly injected into a currently created BeanPostProcessor [lbRestClientPostProcessor]? Check the corresponding BeanPostProcessor declaration and its dependencies.
2026-05-18T22:53:30.554+01:00  WARN 32188 --- [eureka-server] [           main] trationDelegate$BeanPostProcessorChecker : Bean 'default.org.springframework.cloud.netflix.eureka.loadbalancer.LoadBalancerEurekaAutoConfiguration.LoadBalancerClientSpecification' of type [org.springframework.cloud.loadbalancer.annotation.LoadBalancerClientSpecification] is not eligible for getting processed by all BeanPostProcessors (for example: not eligible for auto-proxying). Is this bean getting eagerly injected into a currently created BeanPostProcessor [lbRestClientPostProcessor]? Check the corresponding BeanPostProcessor declaration and its dependencies.
2026-05-18T22:53:30.556+01:00  WARN 32188 --- [eureka-server] [           main] trationDelegate$BeanPostProcessorChecker : Bean 'loadBalancerClientFactory' of type [org.springframework.cloud.loadbalancer.support.LoadBalancerClientFactory] is not eligible for getting processed by all BeanPostProcessors (for example: not eligible for auto-proxying). Is this bean getting eagerly injected into a currently created BeanPostProcessor [lbRestClientPostProcessor]? Check the corresponding BeanPostProcessor declaration and its dependencies.
2026-05-18T22:53:30.562+01:00  WARN 32188 --- [eureka-server] [           main] trationDelegate$BeanPostProcessorChecker : Bean 'blockingLoadBalancerClient' of type [org.springframework.cloud.loadbalancer.blocking.client.BlockingLoadBalancerClient] is not eligible for getting processed by all BeanPostProcessors (for example: not eligible for auto-proxying). Is this bean getting eagerly injected into a currently created BeanPostProcessor [lbRestClientPostProcessor]? Check the corresponding BeanPostProcessor declaration and its dependencies.
2026-05-18T22:53:30.572+01:00  WARN 32188 --- [eureka-server] [           main] trationDelegate$BeanPostProcessorChecker : Bean 'loadBalancerServiceInstanceCookieTransformer' of type [org.springframework.cloud.loadbalancer.core.LoadBalancerServiceInstanceCookieTransformer] is not eligible for getting processed by all BeanPostProcessors (for example: not eligible for auto-proxying). Is this bean getting eagerly injected into a currently created BeanPostProcessor [lbRestClientPostProcessor]? Check the corresponding BeanPostProcessor declaration and its dependencies.
2026-05-18T22:53:30.573+01:00  WARN 32188 --- [eureka-server] [           main] trationDelegate$BeanPostProcessorChecker : Bean 'xForwarderHeadersTransformer' of type [org.springframework.cloud.loadbalancer.blocking.XForwardedHeadersTransformer] is not eligible for getting processed by all BeanPostProcessors (for example: not eligible for auto-proxying). Is this bean getting eagerly injected into a currently created BeanPostProcessor [lbRestClientPostProcessor]? Check the corresponding BeanPostProcessor declaration and its dependencies.
2026-05-18T22:53:30.574+01:00  WARN 32188 --- [eureka-server] [           main] trationDelegate$BeanPostProcessorChecker : Bean 'org.springframework.cloud.client.loadbalancer.LoadBalancerAutoConfiguration' of type [org.springframework.cloud.client.loadbalancer.LoadBalancerAutoConfiguration] is not eligible for getting processed by all BeanPostProcessors (for example: not eligible for auto-proxying). Is this bean getting eagerly injected into a currently created BeanPostProcessor [lbRestClientPostProcessor]? Check the corresponding BeanPostProcessor declaration and its dependencies.
2026-05-18T22:53:30.575+01:00  WARN 32188 --- [eureka-server] [           main] trationDelegate$BeanPostProcessorChecker : Bean 'loadBalancerRequestFactory' of type [org.springframework.cloud.client.loadbalancer.LoadBalancerRequestFactory] is not eligible for getting processed by all BeanPostProcessors (for example: not eligible for auto-proxying). Is this bean getting eagerly injected into a currently created BeanPostProcessor [lbRestClientPostProcessor]? Check the corresponding BeanPostProcessor declaration and its dependencies.
2026-05-18T22:53:30.578+01:00  WARN 32188 --- [eureka-server] [           main] trationDelegate$BeanPostProcessorChecker : Bean 'loadBalancerInterceptor' of type [org.springframework.cloud.client.loadbalancer.LoadBalancerInterceptor] is not eligible for getting processed by all BeanPostProcessors (for example: not eligible for auto-proxying). Is this bean getting eagerly injected into a currently created BeanPostProcessor [lbRestClientPostProcessor]? Check the corresponding BeanPostProcessor declaration and its dependencies.
2026-05-18T22:53:30.814+01:00  INFO 32188 --- [eureka-server] [           main] o.s.b.w.embedded.tomcat.TomcatWebServer  : Tomcat initialized with port 8761 (http)
2026-05-18T22:53:30.820+01:00  INFO 32188 --- [eureka-server] [           main] o.apache.catalina.core.StandardService   : Starting service [Tomcat]
2026-05-18T22:53:30.820+01:00  INFO 32188 --- [eureka-server] [           main] o.apache.catalina.core.StandardEngine    : Starting Servlet engine: [Apache Tomcat/10.1.16]
2026-05-18T22:53:30.857+01:00  INFO 32188 --- [eureka-server] [           main] o.a.c.c.C.[Tomcat].[localhost].[/]       : Initializing Spring embedded WebApplicationContext
2026-05-18T22:53:30.858+01:00  INFO 32188 --- [eureka-server] [           main] w.s.c.ServletWebServerApplicationContext : Root WebApplicationContext: initialization completed in 1367 ms
2026-05-18T22:53:31.957+01:00  INFO 32188 --- [eureka-server] [           main] c.n.d.provider.DiscoveryJerseyProvider   : Using JSON encoding codec LegacyJacksonJson
2026-05-18T22:53:31.959+01:00  INFO 32188 --- [eureka-server] [           main] c.n.d.provider.DiscoveryJerseyProvider   : Using JSON decoding codec LegacyJacksonJson
2026-05-18T22:53:32.164+01:00  INFO 32188 --- [eureka-server] [           main] c.n.d.provider.DiscoveryJerseyProvider   : Using XML encoding codec XStreamXml
2026-05-18T22:53:32.164+01:00  INFO 32188 --- [eureka-server] [           main] c.n.d.provider.DiscoveryJerseyProvider   : Using XML decoding codec XStreamXml
2026-05-18T22:53:33.609+01:00  INFO 32188 --- [eureka-server] [           main] o.s.cloud.commons.util.InetUtils         : Cannot determine local hostname
2026-05-18T22:53:34.815+01:00  INFO 32188 --- [eureka-server] [           main] o.s.cloud.commons.util.InetUtils         : Cannot determine local hostname
2026-05-18T22:53:34.833+01:00  WARN 32188 --- [eureka-server] [           main] iguration$LoadBalancerCaffeineWarnLogger : Spring Cloud LoadBalancer is currently working with the default cache. While this cache implementation is useful for development and tests, it's recommended to use Caffeine cache in production.You can switch to using Caffeine cache, by adding it and org.springframework.cache.caffeine.CaffeineCacheManager to the classpath.
2026-05-18T22:53:34.844+01:00  INFO 32188 --- [eureka-server] [           main] o.s.c.n.eureka.InstanceInfoFactory       : Setting initial instance status as: STARTING
2026-05-18T22:53:34.861+01:00  INFO 32188 --- [eureka-server] [           main] com.netflix.discovery.DiscoveryClient    : Initializing Eureka in region us-east-1
2026-05-18T22:53:34.861+01:00  INFO 32188 --- [eureka-server] [           main] com.netflix.discovery.DiscoveryClient    : Client configured to neither register nor query for data.
2026-05-18T22:53:34.866+01:00  INFO 32188 --- [eureka-server] [           main] com.netflix.discovery.DiscoveryClient    : Discovery Client initialized at timestamp 1779141214865 with initial instances count: 0
2026-05-18T22:53:34.885+01:00  INFO 32188 --- [eureka-server] [           main] c.n.eureka.DefaultEurekaServerContext    : Initializing ...
2026-05-18T22:53:34.886+01:00  WARN 32188 --- [eureka-server] [           main] c.n.eureka.cluster.PeerEurekaNodes       : The replica size seems to be empty. Check the route 53 DNS Registry
2026-05-18T22:53:34.936+01:00  INFO 32188 --- [eureka-server] [           main] c.n.e.registry.AbstractInstanceRegistry  : Finished initializing remote region registries. All known remote regions: []
2026-05-18T22:53:34.936+01:00  INFO 32188 --- [eureka-server] [           main] c.n.eureka.DefaultEurekaServerContext    : Initialized
2026-05-18T22:53:34.946+01:00  INFO 32188 --- [eureka-server] [           main] o.s.b.a.e.web.EndpointLinksResolver      : Exposing 1 endpoint(s) beneath base path '/actuator'
2026-05-18T22:53:34.979+01:00  INFO 32188 --- [eureka-server] [           main] o.s.c.n.e.s.EurekaServiceRegistry        : Registering application EUREKA-SERVER with eureka with status UP
2026-05-18T22:53:34.993+01:00  INFO 32188 --- [eureka-server] [       Thread-9] o.s.c.n.e.server.EurekaServerBootstrap   : isAws returned false
2026-05-18T22:53:34.994+01:00  INFO 32188 --- [eureka-server] [       Thread-9] o.s.c.n.e.server.EurekaServerBootstrap   : Initialized server context
2026-05-18T22:53:34.994+01:00  INFO 32188 --- [eureka-server] [       Thread-9] c.n.e.r.PeerAwareInstanceRegistryImpl    : Got 1 instances from neighboring DS node
2026-05-18T22:53:34.994+01:00  INFO 32188 --- [eureka-server] [       Thread-9] c.n.e.r.PeerAwareInstanceRegistryImpl    : Renew threshold is: 1
2026-05-18T22:53:34.994+01:00  INFO 32188 --- [eureka-server] [       Thread-9] c.n.e.r.PeerAwareInstanceRegistryImpl    : Changing status to UP
2026-05-18T22:53:34.999+01:00  INFO 32188 --- [eureka-server] [       Thread-9] e.s.EurekaServerInitializerConfiguration : Started Eureka Server
2026-05-18T22:53:35.002+01:00  INFO 32188 --- [eureka-server] [           main] o.s.b.w.embedded.tomcat.TomcatWebServer  : Tomcat started on port 8761 (http) with context path ''
2026-05-18T22:53:35.003+01:00  INFO 32188 --- [eureka-server] [           main] .s.c.n.e.s.EurekaAutoServiceRegistration : Updating port to 8761
2026-05-18T22:53:36.018+01:00  INFO 32188 --- [eureka-server] [           main] o.s.cloud.commons.util.InetUtils         : Cannot determine local hostname
2026-05-18T22:53:36.025+01:00  INFO 32188 --- [eureka-server] [           main] m.s.eureka.EurekaServerApplication       : Started EurekaServerApplication in 8.142 seconds (process running for 8.956)
2026-05-18T22:53:36.455+01:00  INFO 32188 --- [eureka-server] [nio-8761-exec-1] o.a.c.c.C.[Tomcat].[localhost].[/]       : Initializing Spring DispatcherServlet 'dispatcherServlet'
2026-05-18T22:53:36.455+01:00  INFO 32188 --- [eureka-server] [nio-8761-exec-1] o.s.web.servlet.DispatcherServlet        : Initializing Servlet 'dispatcherServlet'
2026-05-18T22:53:36.455+01:00  INFO 32188 --- [eureka-server] [nio-8761-exec-1] o.s.web.servlet.DispatcherServlet        : Completed initialization in 0 ms
2026-05-18T22:53:37.260+01:00  WARN 32188 --- [eureka-server] [nio-8761-exec-2] c.n.e.registry.AbstractInstanceRegistry  : DS: Registry: lease doesn't exist, registering resource: AUTH-SERVICE - localhost:auth-service:8081
2026-05-18T22:53:37.260+01:00  WARN 32188 --- [eureka-server] [nio-8761-exec-2] c.n.eureka.resources.InstanceResource    : Not Found (Renew): AUTH-SERVICE - localhost:auth-service:8081
2026-05-18T22:53:37.332+01:00  INFO 32188 --- [eureka-server] [nio-8761-exec-5] c.n.e.registry.AbstractInstanceRegistry  : Registered instance AUTH-SERVICE/localhost:auth-service:8081 with status UP (replication=false)
2026-05-18T22:53:39.141+01:00  WARN 32188 --- [eureka-server] [nio-8761-exec-6] c.n.e.registry.AbstractInstanceRegistry  : DS: Registry: lease doesn't exist, registering resource: CATALOG-SERVICE - localhost:catalog-service:8082
2026-05-18T22:53:39.141+01:00  WARN 32188 --- [eureka-server] [nio-8761-exec-6] c.n.eureka.resources.InstanceResource    : Not Found (Renew): CATALOG-SERVICE - localhost:catalog-service:8082
2026-05-18T22:53:39.148+01:00  INFO 32188 --- [eureka-server] [nio-8761-exec-9] c.n.e.registry.AbstractInstanceRegistry  : Registered instance CATALOG-SERVICE/localhost:catalog-service:8082 with status UP (replication=false)
2026-05-18T22:54:16.711+01:00  INFO 32188 --- [eureka-server] [nio-8761-exec-5] c.n.e.registry.AbstractInstanceRegistry  : Registered instance UNKNOWN/localhost with status UP (replication=false)
2026-05-18T22:54:18.296+01:00  INFO 32188 --- [eureka-server] [nio-8761-exec-6] c.n.e.registry.AbstractInstanceRegistry  : Registered instance AUTH-SERVICE/localhost:auth-service:8081 with status UP (replication=false)
2026-05-18T22:54:19.096+01:00  INFO 32188 --- [eureka-server] [nio-8761-exec-9] c.n.e.registry.AbstractInstanceRegistry  : Registered instance CATALOG-SERVICE/localhost:catalog-service:8082 with status UP (replication=false)
2026-05-18T22:54:34.994+01:00  INFO 32188 --- [eureka-server] [a-EvictionTimer] c.n.e.registry.AbstractInstanceRegistry  : Running the evict task with compensationTime 0ms
2026-05-18T22:54:56.733+01:00  INFO 32188 --- [eureka-server] [nio-8761-exec-6] c.n.e.registry.AbstractInstanceRegistry  : Registered instance PAYMENT-SERVICE/localhost:payment-service:8085 with status UP (replication=false)
2026-05-18T22:55:34.994+01:00  INFO 32188 --- [eureka-server] [a-EvictionTimer] c.n.e.registry.AbstractInstanceRegistry  : Running the evict task with compensationTime 0ms
2026-05-18T22:56:34.998+01:00  INFO 32188 --- [eureka-server] [a-EvictionTimer] c.n.e.registry.AbstractInstanceRegistry  : Running the evict task with compensationTime 3ms
2026-05-18T22:57:34.998+01:00  INFO 32188 --- [eureka-server] [a-EvictionTimer] c.n.e.registry.AbstractInstanceRegistry  : Running the evict task with compensationTime 0ms
2026-05-18T22:58:34.999+01:00  INFO 32188 --- [eureka-server] [a-EvictionTimer] c.n.e.registry.AbstractInstanceRegistry  : Running the evict task with compensationTime 0ms
2026-05-18T22:59:35.001+01:00  INFO 32188 --- [eureka-server] [a-EvictionTimer] c.n.e.registry.AbstractInstanceRegistry  : Running the evict task with compensationTime 2ms
2026-05-18T23:00:15.354+01:00  INFO 32188 --- [eureka-server] [nio-8761-exec-1] c.n.e.registry.AbstractInstanceRegistry  : Registered instance UNKNOWN/localhost with status UP (replication=false)
2026-05-18T23:00:35.001+01:00  INFO 32188 --- [eureka-server] [a-EvictionTimer] c.n.e.registry.AbstractInstanceRegistry  : Running the evict task with compensationTime 0ms
2026-05-18T23:00:38.603+01:00  INFO 32188 --- [eureka-server] [nio-8761-exec-9] c.n.e.registry.AbstractInstanceRegistry  : Registered instance API-GATEWAY/localhost:api-gateway:8080 with status UP (replication=false)
2026-05-18T23:00:40.816+01:00  INFO 32188 --- [eureka-server] [io-8761-exec-10] c.n.e.registry.AbstractInstanceRegistry  : Registered instance API-GATEWAY/localhost:api-gateway:8080 with status DOWN (replication=false)
2026-05-18T23:00:40.820+01:00  INFO 32188 --- [eureka-server] [nio-8761-exec-1] c.n.e.registry.AbstractInstanceRegistry  : Cancelled instance API-GATEWAY/localhost:api-gateway:8080 (replication=false)
2026-05-18T23:01:10.976+01:00  INFO 32188 --- [eureka-server] [nio-8761-exec-4] c.n.e.registry.AbstractInstanceRegistry  : Registered instance PAYMENT-SERVICE/localhost:payment-service:8085 with status DOWN (replication=false)
2026-05-18T23:01:14.002+01:00  INFO 32188 --- [eureka-server] [nio-8761-exec-3] c.n.e.registry.AbstractInstanceRegistry  : Cancelled instance PAYMENT-SERVICE/localhost:payment-service:8085 (replication=false)
2026-05-18T23:01:35.002+01:00  INFO 32188 --- [eureka-server] [a-EvictionTimer] c.n.e.registry.AbstractInstanceRegistry  : Running the evict task with compensationTime 0ms
2026-05-18T23:02:35.003+01:00  INFO 32188 --- [eureka-server] [a-EvictionTimer] c.n.e.registry.AbstractInstanceRegistry  : Running the evict task with compensationTime 0ms
2026-05-18T23:02:39.001+01:00  INFO 32188 --- [eureka-server] [nio-8761-exec-2] c.n.e.registry.AbstractInstanceRegistry  : Registered instance API-GATEWAY/localhost:api-gateway:8080 with status UP (replication=false)
2026-05-18T23:02:41.114+01:00  INFO 32188 --- [eureka-server] [nio-8761-exec-7] c.n.e.registry.AbstractInstanceRegistry  : Registered instance API-GATEWAY/localhost:api-gateway:8080 with status DOWN (replication=false)
2026-05-18T23:02:41.117+01:00  INFO 32188 --- [eureka-server] [nio-8761-exec-6] c.n.e.registry.AbstractInstanceRegistry  : Cancelled instance API-GATEWAY/localhost:api-gateway:8080 (replication=false)
2026-05-18T23:03:34.889+01:00  WARN 32188 --- [eureka-server] [eerNodesUpdater] c.n.eureka.cluster.PeerEurekaNodes       : The replica size seems to be empty. Check the route 53 DNS Registry
2026-05-18T23:03:35.005+01:00  INFO 32188 --- [eureka-server] [a-EvictionTimer] c.n.e.registry.AbstractInstanceRegistry  : Running the evict task with compensationTime 2ms
2026-05-18T23:04:35.019+01:00  INFO 32188 --- [eureka-server] [a-EvictionTimer] c.n.e.registry.AbstractInstanceRegistry  : Running the evict task with compensationTime 14ms
2026-05-18T23:05:35.023+01:00  INFO 32188 --- [eureka-server] [a-EvictionTimer] c.n.e.registry.AbstractInstanceRegistry  : Running the evict task with compensationTime 3ms
2026-05-18T23:06:35.027+01:00  INFO 32188 --- [eureka-server] [a-EvictionTimer] c.n.e.registry.AbstractInstanceRegistry  : Running the evict task with compensationTime 4ms
2026-05-18T23:07:35.039+01:00  INFO 32188 --- [eureka-server] [a-EvictionTimer] c.n.e.registry.AbstractInstanceRegistry  : Running the evict task with compensationTime 11ms
2026-05-18T23:08:34.936+01:00  INFO 32188 --- [eureka-server] [hresholdUpdater] c.n.e.r.PeerAwareInstanceRegistryImpl    : Current renewal threshold is : 6
2026-05-18T23:08:35.051+01:00  INFO 32188 --- [eureka-server] [a-EvictionTimer] c.n.e.registry.AbstractInstanceRegistry  : Running the evict task with compensationTime 12ms
2026-05-18T23:09:35.061+01:00  INFO 32188 --- [eureka-server] [a-EvictionTimer] c.n.e.registry.AbstractInstanceRegistry  : Running the evict task with compensationTime 10ms
2026-05-18T23:10:35.062+01:00  INFO 32188 --- [eureka-server] [a-EvictionTimer] c.n.e.registry.AbstractInstanceRegistry  : Running the evict task with compensationTime 1ms
2026-05-18T23:11:35.066+01:00  INFO 32188 --- [eureka-server] [a-EvictionTimer] c.n.e.registry.AbstractInstanceRegistry  : Running the evict task with compensationTime 4ms
2026-05-18T23:12:35.073+01:00  INFO 32188 --- [eureka-server] [a-EvictionTimer] c.n.e.registry.AbstractInstanceRegistry  : Running the evict task with compensationTime 7ms
2026-05-18T23:13:34.893+01:00  WARN 32188 --- [eureka-server] [eerNodesUpdater] c.n.eureka.cluster.PeerEurekaNodes       : The replica size seems to be empty. Check the route 53 DNS Registry
2026-05-18T23:13:35.081+01:00  INFO 32188 --- [eureka-server] [a-EvictionTimer] c.n.e.registry.AbstractInstanceRegistry  : Running the evict task with compensationTime 7ms
2026-05-18T23:14:35.093+01:00  INFO 32188 --- [eureka-server] [a-EvictionTimer] c.n.e.registry.AbstractInstanceRegistry  : Running the evict task with compensationTime 11ms
2026-05-18T23:15:35.095+01:00  INFO 32188 --- [eureka-server] [a-EvictionTimer] c.n.e.registry.AbstractInstanceRegistry  : Running the evict task with compensationTime 2ms
2026-05-18T23:16:35.107+01:00  INFO 32188 --- [eureka-server] [a-EvictionTimer] c.n.e.registry.AbstractInstanceRegistry  : Running the evict task with compensationTime 12ms
2026-05-18T23:17:35.107+01:00  INFO 32188 --- [eureka-server] [a-EvictionTimer] c.n.e.registry.AbstractInstanceRegistry  : Running the evict task with compensationTime 0ms
2026-05-18T23:18:35.118+01:00  INFO 32188 --- [eureka-server] [a-EvictionTimer] c.n.e.registry.AbstractInstanceRegistry  : Running the evict task with compensationTime 10ms
2026-05-18T23:19:35.132+01:00  INFO 32188 --- [eureka-server] [a-EvictionTimer] c.n.e.registry.AbstractInstanceRegistry  : Running the evict task with compensationTime 14ms
2026-05-18T23:20:35.140+01:00  INFO 32188 --- [eureka-server] [a-EvictionTimer] c.n.e.registry.AbstractInstanceRegistry  : Running the evict task with compensationTime 7ms
2026-05-18T23:21:35.150+01:00  INFO 32188 --- [eureka-server] [a-EvictionTimer] c.n.e.registry.AbstractInstanceRegistry  : Running the evict task with compensationTime 10ms
2026-05-18T23:22:35.150+01:00  INFO 32188 --- [eureka-server] [a-EvictionTimer] c.n.e.registry.AbstractInstanceRegistry  : Running the evict task with compensationTime 0ms
2026-05-18T23:23:34.894+01:00  WARN 32188 --- [eureka-server] [eerNodesUpdater] c.n.eureka.cluster.PeerEurekaNodes       : The replica size seems to be empty. Check the route 53 DNS Registry
2026-05-18T23:23:34.942+01:00  INFO 32188 --- [eureka-server] [hresholdUpdater] c.n.e.r.PeerAwareInstanceRegistryImpl    : Current renewal threshold is : 6
2026-05-18T23:23:35.163+01:00  INFO 32188 --- [eureka-server] [a-EvictionTimer] c.n.e.registry.AbstractInstanceRegistry  : Running the evict task with compensationTime 12ms
2026-05-18T23:24:35.170+01:00  INFO 32188 --- [eureka-server] [a-EvictionTimer] c.n.e.registry.AbstractInstanceRegistry  : Running the evict task with compensationTime 7ms
2026-05-18T23:25:35.175+01:00  INFO 32188 --- [eureka-server] [a-EvictionTimer] c.n.e.registry.AbstractInstanceRegistry  : Running the evict task with compensationTime 5ms
2026-05-18T23:26:35.190+01:00  INFO 32188 --- [eureka-server] [a-EvictionTimer] c.n.e.registry.AbstractInstanceRegistry  : Running the evict task with compensationTime 15ms
2026-05-18T23:27:35.203+01:00  INFO 32188 --- [eureka-server] [a-EvictionTimer] c.n.e.registry.AbstractInstanceRegistry  : Running the evict task with compensationTime 13ms
2026-05-18T23:28:35.205+01:00  INFO 32188 --- [eureka-server] [a-EvictionTimer] c.n.e.registry.AbstractInstanceRegistry  : Running the evict task with compensationTime 1ms
2026-05-18T23:29:35.206+01:00  INFO 32188 --- [eureka-server] [a-EvictionTimer] c.n.e.registry.AbstractInstanceRegistry  : Running the evict task with compensationTime 1ms
2026-05-18T23:30:35.209+01:00  INFO 32188 --- [eureka-server] [a-EvictionTimer] c.n.e.registry.AbstractInstanceRegistry  : Running the evict task with compensationTime 3ms
2026-05-18T23:31:35.216+01:00  INFO 32188 --- [eureka-server] [a-EvictionTimer] c.n.e.registry.AbstractInstanceRegistry  : Running the evict task with compensationTime 6ms
2026-05-18T23:32:35.230+01:00  INFO 32188 --- [eureka-server] [a-EvictionTimer] c.n.e.registry.AbstractInstanceRegistry  : Running the evict task with compensationTime 14ms
2026-05-18T23:33:34.896+01:00  WARN 32188 --- [eureka-server] [eerNodesUpdater] c.n.eureka.cluster.PeerEurekaNodes       : The replica size seems to be empty. Check the route 53 DNS Registry
2026-05-18T23:33:35.238+01:00  INFO 32188 --- [eureka-server] [a-EvictionTimer] c.n.e.registry.AbstractInstanceRegistry  : Running the evict task with compensationTime 8ms
2026-05-18T23:34:35.253+01:00  INFO 32188 --- [eureka-server] [a-EvictionTimer] c.n.e.registry.AbstractInstanceRegistry  : Running the evict task with compensationTime 14ms
2026-05-18T23:35:19.799+01:00  INFO 32188 --- [eureka-server] [nio-8761-exec-1] c.n.e.registry.AbstractInstanceRegistry  : Registered instance API-GATEWAY/localhost:api-gateway:8080 with status UP (replication=false)
2026-05-18T23:35:35.262+01:00  INFO 32188 --- [eureka-server] [a-EvictionTimer] c.n.e.registry.AbstractInstanceRegistry  : Running the evict task with compensationTime 9ms
2026-05-18T23:35:55.867+01:00  INFO 32188 --- [eureka-server] [nio-8761-exec-5] c.n.e.registry.AbstractInstanceRegistry  : Registered instance AUTH-SERVICE/localhost:auth-service:8081 with status DOWN (replication=false)
2026-05-18T23:35:55.869+01:00  INFO 32188 --- [eureka-server] [nio-8761-exec-3] c.n.e.registry.AbstractInstanceRegistry  : Registered instance AUTH-SERVICE/localhost:auth-service:8081 with status DOWN (replication=false)
2026-05-18T23:35:55.871+01:00  INFO 32188 --- [eureka-server] [nio-8761-exec-2] c.n.e.registry.AbstractInstanceRegistry  : Cancelled instance AUTH-SERVICE/localhost:auth-service:8081 (replication=false)
2026-05-18T23:36:06.205+01:00  INFO 32188 --- [eureka-server] [nio-8761-exec-9] c.n.e.registry.AbstractInstanceRegistry  : Registered instance CATALOG-SERVICE/localhost:catalog-service:8082 with status DOWN (replication=false)
2026-05-18T23:36:06.208+01:00  INFO 32188 --- [eureka-server] [nio-8761-exec-1] c.n.e.registry.AbstractInstanceRegistry  : Registered instance CATALOG-SERVICE/localhost:catalog-service:8082 with status DOWN (replication=false)
2026-05-18T23:36:06.210+01:00  INFO 32188 --- [eureka-server] [nio-8761-exec-6] c.n.e.registry.AbstractInstanceRegistry  : Cancelled instance CATALOG-SERVICE/localhost:catalog-service:8082 (replication=false)
2026-05-18T23:36:17.100+01:00  INFO 32188 --- [eureka-server] [nio-8761-exec-2] c.n.e.registry.AbstractInstanceRegistry  : Registered instance NEGOTIATION-SERVICE/localhost:negotiation-service:8083 with status UP (replication=false)
2026-05-18T23:36:20.366+01:00  WARN 32188 --- [eureka-server] [nio-8761-exec-8] c.n.e.registry.AbstractInstanceRegistry  : DS: Registry: lease doesn't exist, registering resource: AUTH-SERVICE - localhost:auth-service:8081
2026-05-18T23:36:20.366+01:00  WARN 32188 --- [eureka-server] [nio-8761-exec-8] c.n.eureka.resources.InstanceResource    : Not Found (Renew): AUTH-SERVICE - localhost:auth-service:8081
2026-05-18T23:36:20.374+01:00  INFO 32188 --- [eureka-server] [nio-8761-exec-9] c.n.e.registry.AbstractInstanceRegistry  : Registered instance AUTH-SERVICE/localhost:auth-service:8081 with status UP (replication=false)
2026-05-18T23:36:21.142+01:00  WARN 32188 --- [eureka-server] [nio-8761-exec-6] c.n.e.registry.AbstractInstanceRegistry  : DS: Registry: lease doesn't exist, registering resource: CATALOG-SERVICE - localhost:catalog-service:8082
2026-05-18T23:36:21.143+01:00  WARN 32188 --- [eureka-server] [nio-8761-exec-6] c.n.eureka.resources.InstanceResource    : Not Found (Renew): CATALOG-SERVICE - localhost:catalog-service:8082
2026-05-18T23:36:21.153+01:00  INFO 32188 --- [eureka-server] [nio-8761-exec-5] c.n.e.registry.AbstractInstanceRegistry  : Registered instance CATALOG-SERVICE/localhost:catalog-service:8082 with status UP (replication=false)
2026-05-18T23:36:25.775+01:00  INFO 32188 --- [eureka-server] [nio-8761-exec-2] c.n.e.registry.AbstractInstanceRegistry  : Registered instance ANALYTICS-SERVICE/localhost:analytics-service:8084 with status UP (replication=false)
2026-05-18T23:36:35.262+01:00  INFO 32188 --- [eureka-server] [a-EvictionTimer] c.n.e.registry.AbstractInstanceRegistry  : Running the evict task with compensationTime 0ms
2026-05-18T23:36:42.515+01:00  INFO 32188 --- [eureka-server] [nio-8761-exec-7] c.n.e.registry.AbstractInstanceRegistry  : Registered instance PAYMENT-SERVICE/localhost:payment-service:8085 with status UP (replication=false)
2026-05-18T23:37:35.263+01:00  INFO 32188 --- [eureka-server] [a-EvictionTimer] c.n.e.registry.AbstractInstanceRegistry  : Running the evict task with compensationTime 0ms
2026-05-18T23:38:34.952+01:00  INFO 32188 --- [eureka-server] [hresholdUpdater] c.n.e.r.PeerAwareInstanceRegistryImpl    : Current renewal threshold is : 13
2026-05-18T23:38:35.266+01:00  INFO 32188 --- [eureka-server] [a-EvictionTimer] c.n.e.registry.AbstractInstanceRegistry  : Running the evict task with compensationTime 3ms
2026-05-18T23:39:35.267+01:00  INFO 32188 --- [eureka-server] [a-EvictionTimer] c.n.e.registry.AbstractInstanceRegistry  : Running the evict task with compensationTime 0ms
2026-05-18T23:40:35.268+01:00  INFO 32188 --- [eureka-server] [a-EvictionTimer] c.n.e.registry.AbstractInstanceRegistry  : Running the evict task with compensationTime 0ms
2026-05-18T23:41:35.268+01:00  INFO 32188 --- [eureka-server] [a-EvictionTimer] c.n.e.registry.AbstractInstanceRegistry  : Running the evict task with compensationTime 0ms
2026-05-18T23:42:35.272+01:00  INFO 32188 --- [eureka-server] [a-EvictionTimer] c.n.e.registry.AbstractInstanceRegistry  : Running the evict task with compensationTime 4ms
2026-05-18T23:43:34.900+01:00  WARN 32188 --- [eureka-server] [eerNodesUpdater] c.n.eureka.cluster.PeerEurekaNodes       : The replica size seems to be empty. Check the route 53 DNS Registry
2026-05-18T23:43:35.282+01:00  INFO 32188 --- [eureka-server] [a-EvictionTimer] c.n.e.registry.AbstractInstanceRegistry  : Running the evict task with compensationTime 8ms
2026-05-18T23:44:35.282+01:00  INFO 32188 --- [eureka-server] [a-EvictionTimer] c.n.e.registry.AbstractInstanceRegistry  : Running the evict task with compensationTime 0ms
2026-05-18T23:44:53.162+01:00  INFO 32188 --- [eureka-server] [nio-8761-exec-9] c.n.e.registry.AbstractInstanceRegistry  : Registered instance AUTH-SERVICE/localhost:auth-service:8081 with status DOWN (replication=false)
2026-05-18T23:44:53.164+01:00  INFO 32188 --- [eureka-server] [nio-8761-exec-6] c.n.e.registry.AbstractInstanceRegistry  : Registered instance AUTH-SERVICE/localhost:auth-service:8081 with status DOWN (replication=false)
2026-05-18T23:44:53.166+01:00  INFO 32188 --- [eureka-server] [nio-8761-exec-4] c.n.e.registry.AbstractInstanceRegistry  : Cancelled instance AUTH-SERVICE/localhost:auth-service:8081 (replication=false)
2026-05-18T23:45:01.741+01:00  INFO 32188 --- [eureka-server] [nio-8761-exec-7] c.n.e.registry.AbstractInstanceRegistry  : Registered instance API-GATEWAY/localhost:api-gateway:8080 with status UP (replication=false)
2026-05-18T23:45:03.853+01:00  INFO 32188 --- [eureka-server] [nio-8761-exec-1] c.n.e.registry.AbstractInstanceRegistry  : Registered instance API-GATEWAY/localhost:api-gateway:8080 with status DOWN (replication=false)
2026-05-18T23:45:03.856+01:00  INFO 32188 --- [eureka-server] [nio-8761-exec-9] c.n.e.registry.AbstractInstanceRegistry  : Cancelled instance API-GATEWAY/localhost:api-gateway:8080 (replication=false)
2026-05-18T23:45:20.219+01:00  WARN 32188 --- [eureka-server] [nio-8761-exec-8] c.n.e.registry.AbstractInstanceRegistry  : DS: Registry: lease doesn't exist, registering resource: API-GATEWAY - localhost:api-gateway:8080
2026-05-18T23:45:20.219+01:00  WARN 32188 --- [eureka-server] [nio-8761-exec-8] c.n.eureka.resources.InstanceResource    : Not Found (Renew): API-GATEWAY - localhost:api-gateway:8080
2026-05-18T23:45:20.224+01:00  INFO 32188 --- [eureka-server] [nio-8761-exec-7] c.n.e.registry.AbstractInstanceRegistry  : Registered instance API-GATEWAY/localhost:api-gateway:8080 with status UP (replication=false)
2026-05-18T23:45:20.932+01:00  WARN 32188 --- [eureka-server] [nio-8761-exec-6] c.n.e.registry.AbstractInstanceRegistry  : DS: Registry: lease doesn't exist, registering resource: AUTH-SERVICE - localhost:auth-service:8081
2026-05-18T23:45:20.932+01:00  WARN 32188 --- [eureka-server] [nio-8761-exec-6] c.n.eureka.resources.InstanceResource    : Not Found (Renew): AUTH-SERVICE - localhost:auth-service:8081
2026-05-18T23:45:20.952+01:00  INFO 32188 --- [eureka-server] [nio-8761-exec-4] c.n.e.registry.AbstractInstanceRegistry  : Registered instance AUTH-SERVICE/localhost:auth-service:8081 with status UP (replication=false)
2026-05-18T23:45:29.855+01:00  INFO 32188 --- [eureka-server] [nio-8761-exec-7] c.n.e.registry.AbstractInstanceRegistry  : Registered instance AUTH-SERVICE/localhost:auth-service:8081 with status DOWN (replication=false)
2026-05-18T23:45:29.858+01:00  INFO 32188 --- [eureka-server] [nio-8761-exec-1] c.n.e.registry.AbstractInstanceRegistry  : Registered instance AUTH-SERVICE/localhost:auth-service:8081 with status DOWN (replication=false)
2026-05-18T23:45:29.860+01:00  INFO 32188 --- [eureka-server] [nio-8761-exec-9] c.n.e.registry.AbstractInstanceRegistry  : Cancelled instance AUTH-SERVICE/localhost:auth-service:8081 (replication=false)
2026-05-18T23:45:35.282+01:00  INFO 32188 --- [eureka-server] [a-EvictionTimer] c.n.e.registry.AbstractInstanceRegistry  : Running the evict task with compensationTime 0ms
2026-05-18T23:45:50.979+01:00  WARN 32188 --- [eureka-server] [nio-8761-exec-9] c.n.e.registry.AbstractInstanceRegistry  : DS: Registry: lease doesn't exist, registering resource: AUTH-SERVICE - localhost:auth-service:8081
2026-05-18T23:45:50.979+01:00  WARN 32188 --- [eureka-server] [nio-8761-exec-9] c.n.eureka.resources.InstanceResource    : Not Found (Renew): AUTH-SERVICE - localhost:auth-service:8081
2026-05-18T23:45:50.981+01:00  INFO 32188 --- [eureka-server] [nio-8761-exec-6] c.n.e.registry.AbstractInstanceRegistry  : Registered instance AUTH-SERVICE/localhost:auth-service:8081 with status UP (replication=false)
2026-05-18T23:46:35.283+01:00  INFO 32188 --- [eureka-server] [a-EvictionTimer] c.n.e.registry.AbstractInstanceRegistry  : Running the evict task with compensationTime 0ms
2026-05-18T23:46:44.362+01:00  INFO 32188 --- [eureka-server] [nio-8761-exec-3] c.n.e.registry.AbstractInstanceRegistry  : Registered instance AUTH-SERVICE/localhost:auth-service:8081 with status UP (replication=false)
2026-05-18T23:46:57.939+01:00  INFO 32188 --- [eureka-server] [nio-8761-exec-3] c.n.e.registry.AbstractInstanceRegistry  : Registered instance CATALOG-SERVICE/localhost:catalog-service:8082 with status DOWN (replication=false)
2026-05-18T23:46:57.941+01:00  INFO 32188 --- [eureka-server] [nio-8761-exec-5] c.n.e.registry.AbstractInstanceRegistry  : Registered instance CATALOG-SERVICE/localhost:catalog-service:8082 with status DOWN (replication=false)
2026-05-18T23:46:57.944+01:00  INFO 32188 --- [eureka-server] [nio-8761-exec-2] c.n.e.registry.AbstractInstanceRegistry  : Cancelled instance CATALOG-SERVICE/localhost:catalog-service:8082 (replication=false)
2026-05-18T23:47:21.674+01:00  WARN 32188 --- [eureka-server] [io-8761-exec-10] c.n.e.registry.AbstractInstanceRegistry  : DS: Registry: lease doesn't exist, registering resource: CATALOG-SERVICE - localhost:catalog-service:8082
2026-05-18T23:47:21.674+01:00  WARN 32188 --- [eureka-server] [io-8761-exec-10] c.n.eureka.resources.InstanceResource    : Not Found (Renew): CATALOG-SERVICE - localhost:catalog-service:8082
2026-05-18T23:47:21.674+01:00  INFO 32188 --- [eureka-server] [nio-8761-exec-8] c.n.e.registry.AbstractInstanceRegistry  : Registered instance CATALOG-SERVICE/localhost:catalog-service:8082 with status UP (replication=false)
2026-05-18T23:47:35.290+01:00  INFO 32188 --- [eureka-server] [a-EvictionTimer] c.n.e.registry.AbstractInstanceRegistry  : Running the evict task with compensationTime 6ms
2026-05-18T23:48:35.305+01:00  INFO 32188 --- [eureka-server] [a-EvictionTimer] c.n.e.registry.AbstractInstanceRegistry  : Running the evict task with compensationTime 26ms
2026-05-18T23:49:35.309+01:00  INFO 32188 --- [eureka-server] [a-EvictionTimer] c.n.e.registry.AbstractInstanceRegistry  : Running the evict task with compensationTime 0ms
2026-05-18T23:50:35.313+01:00  INFO 32188 --- [eureka-server] [a-EvictionTimer] c.n.e.registry.AbstractInstanceRegistry  : Running the evict task with compensationTime 3ms
2026-05-18T23:51:35.324+01:00  INFO 32188 --- [eureka-server] [a-EvictionTimer] c.n.e.registry.AbstractInstanceRegistry  : Running the evict task with compensationTime 10ms
2026-05-18T23:52:35.334+01:00  INFO 32188 --- [eureka-server] [a-EvictionTimer] c.n.e.registry.AbstractInstanceRegistry  : Running the evict task with compensationTime 9ms
2026-05-18T23:53:34.903+01:00  WARN 32188 --- [eureka-server] [eerNodesUpdater] c.n.eureka.cluster.PeerEurekaNodes       : The replica size seems to be empty. Check the route 53 DNS Registry
2026-05-18T23:53:34.953+01:00  INFO 32188 --- [eureka-server] [hresholdUpdater] c.n.e.r.PeerAwareInstanceRegistryImpl    : Current renewal threshold is : 13
2026-05-18T23:53:35.336+01:00  INFO 32188 --- [eureka-server] [a-EvictionTimer] c.n.e.registry.AbstractInstanceRegistry  : Running the evict task with compensationTime 2ms
2026-05-18T23:54:35.344+01:00  INFO 32188 --- [eureka-server] [a-EvictionTimer] c.n.e.registry.AbstractInstanceRegistry  : Running the evict task with compensationTime 6ms
2026-05-18T23:55:35.348+01:00  INFO 32188 --- [eureka-server] [a-EvictionTimer] c.n.e.registry.AbstractInstanceRegistry  : Running the evict task with compensationTime 4ms
2026-05-18T23:56:35.360+01:00  INFO 32188 --- [eureka-server] [a-EvictionTimer] c.n.e.registry.AbstractInstanceRegistry  : Running the evict task with compensationTime 11ms
2026-05-18T23:57:35.361+01:00  INFO 32188 --- [eureka-server] [a-EvictionTimer] c.n.e.registry.AbstractInstanceRegistry  : Running the evict task with compensationTime 1ms
2026-05-18T23:58:35.374+01:00  INFO 32188 --- [eureka-server] [a-EvictionTimer] c.n.e.registry.AbstractInstanceRegistry  : Running the evict task with compensationTime 12ms
2026-05-18T23:59:35.385+01:00  INFO 32188 --- [eureka-server] [a-EvictionTimer] c.n.e.registry.AbstractInstanceRegistry  : Running the evict task with compensationTime 10ms
2026-05-19T00:00:35.385+01:00  INFO 32188 --- [eureka-server] [a-EvictionTimer] c.n.e.registry.AbstractInstanceRegistry  : Running the evict task with compensationTime 0ms
2026-05-19T00:01:35.387+01:00  INFO 32188 --- [eureka-server] [a-EvictionTimer] c.n.e.registry.AbstractInstanceRegistry  : Running the evict task with compensationTime 1ms
2026-05-19T00:02:35.400+01:00  INFO 32188 --- [eureka-server] [a-EvictionTimer] c.n.e.registry.AbstractInstanceRegistry  : Running the evict task with compensationTime 12ms
2026-05-19T00:02:38.753+01:00  INFO 32188 --- [eureka-server] [nio-8761-exec-7] c.n.e.registry.AbstractInstanceRegistry  : Registered instance AUTH-SERVICE/localhost:auth-service:8081 with status DOWN (replication=false)
2026-05-19T00:02:38.753+01:00  INFO 32188 --- [eureka-server] [nio-8761-exec-8] c.n.e.registry.AbstractInstanceRegistry  : Registered instance NEGOTIATION-SERVICE/localhost:negotiation-service:8083 with status DOWN (replication=false)
2026-05-19T00:02:38.769+01:00  INFO 32188 --- [eureka-server] [io-8761-exec-10] c.n.e.registry.AbstractInstanceRegistry  : Registered instance PAYMENT-SERVICE/localhost:payment-service:8085 with status DOWN (replication=false)
2026-05-19T00:02:38.769+01:00  INFO 32188 --- [eureka-server] [nio-8761-exec-1] c.n.e.registry.AbstractInstanceRegistry  : Registered instance ANALYTICS-SERVICE/localhost:analytics-service:8084 with status DOWN (replication=false)
2026-05-19T00:02:41.784+01:00  INFO 32188 --- [eureka-server] [nio-8761-exec-9] c.n.e.registry.AbstractInstanceRegistry  : Cancelled instance NEGOTIATION-SERVICE/localhost:negotiation-service:8083 (replication=false)
2026-05-19T00:02:41.799+01:00  INFO 32188 --- [eureka-server] [nio-8761-exec-6] c.n.e.registry.AbstractInstanceRegistry  : Cancelled instance PAYMENT-SERVICE/localhost:payment-service:8085 (replication=false)
2026-05-19T00:02:41.799+01:00  INFO 32188 --- [eureka-server] [nio-8761-exec-4] c.n.e.registry.AbstractInstanceRegistry  : Cancelled instance ANALYTICS-SERVICE/localhost:analytics-service:8084 (replication=false)
2026-05-19T00:02:41.799+01:00  INFO 32188 --- [eureka-server] [nio-8761-exec-3] c.n.e.registry.AbstractInstanceRegistry  : Cancelled instance AUTH-SERVICE/localhost:auth-service:8081 (replication=false)
2026-05-19T00:02:58.842+01:00  INFO 32188 --- [eureka-server] [nio-8761-exec-2] c.n.e.registry.AbstractInstanceRegistry  : Registered instance API-GATEWAY/localhost:api-gateway:8080 with status UP (replication=false)
2026-05-19T00:03:34.906+01:00  WARN 32188 --- [eureka-server] [eerNodesUpdater] c.n.eureka.cluster.PeerEurekaNodes       : The replica size seems to be empty. Check the route 53 DNS Registry
2026-05-19T00:03:35.400+01:00  INFO 32188 --- [eureka-server] [a-EvictionTimer] c.n.e.registry.AbstractInstanceRegistry  : Running the evict task with compensationTime 0ms
2026-05-19T00:04:35.413+01:00  INFO 32188 --- [eureka-server] [a-EvictionTimer] c.n.e.registry.AbstractInstanceRegistry  : Running the evict task with compensationTime 13ms
2026-05-19T00:04:39.029+01:00  INFO 32188 --- [eureka-server] [io-8761-exec-10] c.n.e.registry.AbstractInstanceRegistry  : Registered instance API-GATEWAY/localhost:api-gateway:8080 with status DOWN (replication=false)
2026-05-19T00:04:50.166+01:00  INFO 32188 --- [eureka-server] [nio-8761-exec-4] c.n.e.registry.AbstractInstanceRegistry  : Registered instance API-GATEWAY/localhost:api-gateway:8080 with status UP (replication=false)
2026-05-19T00:05:11.308+01:00  INFO 32188 --- [eureka-server] [nio-8761-exec-2] c.n.e.registry.AbstractInstanceRegistry  : Registered instance API-GATEWAY/localhost:api-gateway:8080 with status DOWN (replication=false)
2026-05-19T00:05:35.423+01:00  INFO 32188 --- [eureka-server] [a-EvictionTimer] c.n.e.registry.AbstractInstanceRegistry  : Running the evict task with compensationTime 9ms
